{"meta": {"format": 3, "version": "7.13.4", "timestamp": "2026-02-26T19:33:40.825810", "branch_coverage": false, "show_contexts": false}, "files": {"src/rhiza/__init__.py": {"executed_lines": [57, 59, 60, 61, 63, 65], "summary": {"covered_lines": 6, "num_statements": 6, "percent_covered": 100.0, "percent_covered_display": "100", "missing_lines": 0, "excluded_lines": 0, "percent_statements_covered": 100.0, "percent_statements_covered_display": "100"}, "missing_lines": [], "excluded_lines": [], "functions": {"": {"executed_lines": [57, 59, 60, 61, 63, 65], "summary": {"covered_lines": 6, "num_statements": 6, "percent_covered": 100.0, "percent_covered_display": "100", "missing_lines": 0, "excluded_lines": 0, "percent_statements_covered": 100.0, "percent_statements_covered_display": "100"}, "missing_lines": [], "excluded_lines": [], "start_line": 1}}, "classes": {"": {"executed_lines": [57, 59, 60, 61, 63, 65], "summary": {"covered_lines": 6, "num_statements": 6, "percent_covered": 100.0, "percent_covered_display": "100", "missing_lines": 0, "excluded_lines": 0, "percent_statements_covered": 100.0, "percent_statements_covered_display": "100"}, "missing_lines": [], "excluded_lines": [], "start_line": 1}}}, "src/rhiza/__main__.py": {"executed_lines": [7, 9, 11, 14, 17, 19, 20, 21, 23, 24, 25, 28, 31, 32], "summary": {"covered_lines": 14, "num_statements": 14, "percent_covered": 100.0, "percent_covered_display": "100", "missing_lines": 0, "excluded_lines": 0, "percent_statements_covered": 100.0, "percent_statements_covered_display": "100"}, "missing_lines": [], "excluded_lines": [], "functions": {"load_plugins": {"executed_lines": [17, 19, 20, 21, 23, 24, 25], "summary": {"covered_lines": 7, "num_statements": 7, "percent_covered": 100.0, "percent_covered_display": "100", "missing_lines": 0, "excluded_lines": 0, "percent_statements_covered": 100.0, "percent_statements_covered_display": "100"}, "missing_lines": [], "excluded_lines": [], "start_line": 14}, "": {"executed_lines": [7, 9, 11, 14, 28, 31, 32], "summary": {"covered_lines": 7, "num_statements": 7, "percent_covered": 100.0, "percent_covered_display": "100", "missing_lines": 0, "excluded_lines": 0, "percent_statements_covered": 100.0, "percent_statements_covered_display": "100"}, "missing_lines": [], "excluded_lines": [], "start_line": 1}}, "classes": {"": {"executed_lines": [7, 9, 11, 14, 17, 19, 20, 21, 23, 24, 25, 28, 31, 32], "summary": {"covered_lines": 14, "num_statements": 14, "percent_covered": 100.0, "percent_covered_display": "100", "missing_lines": 0, "excluded_lines": 0, "percent_statements_covered": 100.0, "percent_statements_covered_display": "100"}, "missing_lines": [], "excluded_lines": [], "start_line": 1}}}, "src/rhiza/bundle_resolver.py": {"executed_lines": [7, 9, 12, 25, 26, 27, 28, 31, 52, 55, 56, 57, 58, 59, 62, 63, 66, 67, 68, 71, 72, 73, 74, 75, 76, 78], "summary": {"covered_lines": 26, "num_statements": 26, "percent_covered": 100.0, "percent_covered_display": "100", "missing_lines": 0, "excluded_lines": 0, "percent_statements_covered": 100.0, "percent_statements_covered_display": "100"}, "missing_lines": [], "excluded_lines": [], "functions": {"load_bundles_from_clone": {"executed_lines": [25, 26, 27, 28], "summary": {"covered_lines": 4, "num_statements": 4, "percent_covered": 100.0, "percent_covered_display": "100", "missing_lines": 0, "excluded_lines": 0, "percent_statements_covered": 100.0, "percent_statements_covered_display": "100"}, "missing_lines": [], "excluded_lines": [], "start_line": 12}, "resolve_include_paths": {"executed_lines": [52, 55, 56, 57, 58, 59, 62, 63, 66, 67, 68, 71, 72, 73, 74, 75, 76, 78], "summary": {"covered_lines": 18, "num_statements": 18, "percent_covered": 100.0, "percent_covered_display": "100", "missing_lines": 0, "excluded_lines": 0, "percent_statements_covered": 100.0, "percent_statements_covered_display": "100"}, "missing_lines": [], "excluded_lines": [], "start_line": 31}, "": {"executed_lines": [7, 9, 12, 31], "summary": {"covered_lines": 4, "num_statements": 4, "percent_covered": 100.0, "percent_covered_display": "100", "missing_lines": 0, "excluded_lines": 0, "percent_statements_covered": 100.0, "percent_statements_covered_display": "100"}, "missing_lines": [], "excluded_lines": [], "start_line": 1}}, "classes": {"": {"executed_lines": [7, 9, 12, 25, 26, 27, 28, 31, 52, 55, 56, 57, 58, 59, 62, 63, 66, 67, 68, 71, 72, 73, 74, 75, 76, 78], "summary": {"covered_lines": 26, "num_statements": 26, "percent_covered": 100.0, "percent_covered_display": "100", "missing_lines": 0, "excluded_lines": 0, "percent_statements_covered": 100.0, "percent_statements_covered_display": "100"}, "missing_lines": [], "excluded_lines": [], "start_line": 1}}}, "src/rhiza/cli.py": {"executed_lines": [7, 8, 9, 11, 13, 14, 15, 16, 17, 18, 19, 20, 22, 34, 43, 44, 45, 48, 49, 69, 70, 144, 154, 157, 158, 191, 196, 197, 202, 203, 263, 264, 265, 266, 267, 268, 269, 272, 273, 305, 306, 309, 310, 342, 345, 346, 355, 358, 359, 398, 399, 404, 405, 448, 449], "summary": {"covered_lines": 55, "num_statements": 61, "percent_covered": 90.1639344262295, "percent_covered_display": "90", "missing_lines": 6, "excluded_lines": 0, "percent_statements_covered": 90.1639344262295, "percent_statements_covered_display": "90"}, "missing_lines": [198, 199, 400, 401, 450, 451], "excluded_lines": [], "functions": {"version_callback": {"executed_lines": [43, 44, 45], "summary": {"covered_lines": 3, "num_statements": 3, "percent_covered": 100.0, "percent_covered_display": "100", "missing_lines": 0, "excluded_lines": 0, "percent_statements_covered": 100.0, "percent_statements_covered_display": "100"}, "missing_lines": [], "excluded_lines": [], "start_line": 34}, "main": {"executed_lines": [], "summary": {"covered_lines": 0, "num_statements": 0, "percent_covered": 100.0, "percent_covered_display": "100", "missing_lines": 0, "excluded_lines": 0, "percent_statements_covered": 100.0, "percent_statements_covered_display": "100"}, "missing_lines": [], "excluded_lines": [], "start_line": 49}, "init": {"executed_lines": [144, 154], "summary": {"covered_lines": 2, "num_statements": 2, "percent_covered": 100.0, "percent_covered_display": "100", "missing_lines": 0, "excluded_lines": 0, "percent_statements_covered": 100.0, "percent_statements_covered_display": "100"}, "missing_lines": [], "excluded_lines": [], "start_line": 70}, "materialize": {"executed_lines": [191, 196, 197], "summary": {"covered_lines": 3, "num_statements": 5, "percent_covered": 60.0, "percent_covered_display": "60", "missing_lines": 2, "excluded_lines": 0, "percent_statements_covered": 60.0, "percent_statements_covered_display": "60"}, "missing_lines": [198, 199], "excluded_lines": [], "start_line": 158}, "sync": {"executed_lines": [263, 264, 265, 266, 267, 268, 269], "summary": {"covered_lines": 7, "num_statements": 7, "percent_covered": 100.0, "percent_covered_display": "100", "missing_lines": 0, "excluded_lines": 0, "percent_statements_covered": 100.0, "percent_statements_covered_display": "100"}, "missing_lines": [], "excluded_lines": [], "start_line": 203}, "validate": {"executed_lines": [305, 306], "summary": {"covered_lines": 2, "num_statements": 2, "percent_covered": 100.0, "percent_covered_display": "100", "missing_lines": 0, "excluded_lines": 0, "percent_statements_covered": 100.0, "percent_statements_covered_display": "100"}, "missing_lines": [], "excluded_lines": [], "start_line": 273}, "migrate": {"executed_lines": [342], "summary": {"covered_lines": 1, "num_statements": 1, "percent_covered": 100.0, "percent_covered_display": "100", "missing_lines": 0, "excluded_lines": 0, "percent_statements_covered": 100.0, "percent_statements_covered_display": "100"}, "missing_lines": [], "excluded_lines": [], "start_line": 310}, "welcome": {"executed_lines": [355], "summary": {"covered_lines": 1, "num_statements": 1, "percent_covered": 100.0, "percent_covered_display": "100", "missing_lines": 0, "excluded_lines": 0, "percent_statements_covered": 100.0, "percent_statements_covered_display": "100"}, "missing_lines": [], "excluded_lines": [], "start_line": 346}, "uninstall": {"executed_lines": [398, 399], "summary": {"covered_lines": 2, "num_statements": 4, "percent_covered": 50.0, "percent_covered_display": "50", "missing_lines": 2, "excluded_lines": 0, "percent_statements_covered": 50.0, "percent_statements_covered_display": "50"}, "missing_lines": [400, 401], "excluded_lines": [], "start_line": 359}, "summarise": {"executed_lines": [448, 449], "summary": {"covered_lines": 2, "num_statements": 4, "percent_covered": 50.0, "percent_covered_display": "50", "missing_lines": 2, "excluded_lines": 0, "percent_statements_covered": 50.0, "percent_statements_covered_display": "50"}, "missing_lines": [450, 451], "excluded_lines": [], "start_line": 405}, "": {"executed_lines": [7, 8, 9, 11, 13, 14, 15, 16, 17, 18, 19, 20, 22, 34, 48, 49, 69, 70, 157, 158, 202, 203, 272, 273, 309, 310, 345, 346, 358, 359, 404, 405], "summary": {"covered_lines": 32, "num_statements": 32, "percent_covered": 100.0, "percent_covered_display": "100", "missing_lines": 0, "excluded_lines": 0, "percent_statements_covered": 100.0, "percent_statements_covered_display": "100"}, "missing_lines": [], "excluded_lines": [], "start_line": 1}}, "classes": {"": {"executed_lines": [7, 8, 9, 11, 13, 14, 15, 16, 17, 18, 19, 20, 22, 34, 43, 44, 45, 48, 49, 69, 70, 144, 154, 157, 158, 191, 196, 197, 202, 203, 263, 264, 265, 266, 267, 268, 269, 272, 273, 305, 306, 309, 310, 342, 345, 346, 355, 358, 359, 398, 399, 404, 405, 448, 449], "summary": {"covered_lines": 55, "num_statements": 61, "percent_covered": 90.1639344262295, "percent_covered_display": "90", "missing_lines": 6, "excluded_lines": 0, "percent_statements_covered": 90.1639344262295, "percent_statements_covered_display": "90"}, "missing_lines": [198, 199, 400, 401, 450, 451], "excluded_lines": [], "start_line": 1}}}, "src/rhiza/commands/__init__.py": {"executed_lines": [61, 62, 63, 64, 66], "summary": {"covered_lines": 5, "num_statements": 5, "percent_covered": 100.0, "percent_covered_display": "100", "missing_lines": 0, "excluded_lines": 0, "percent_statements_covered": 100.0, "percent_statements_covered_display": "100"}, "missing_lines": [], "excluded_lines": [], "functions": {"": {"executed_lines": [61, 62, 63, 64, 66], "summary": {"covered_lines": 5, "num_statements": 5, "percent_covered": 100.0, "percent_covered_display": "100", "missing_lines": 0, "excluded_lines": 0, "percent_statements_covered": 100.0, "percent_statements_covered_display": "100"}, "missing_lines": [], "excluded_lines": [], "start_line": 1}}, "classes": {"": {"executed_lines": [61, 62, 63, 64, 66], "summary": {"covered_lines": 5, "num_statements": 5, "percent_covered": 100.0, "percent_covered_display": "100", "missing_lines": 0, "excluded_lines": 0, "percent_statements_covered": 100.0, "percent_statements_covered_display": "100"}, "missing_lines": [], "excluded_lines": [], "start_line": 1}}}, "src/rhiza/commands/init.py": {"executed_lines": [8, 9, 10, 11, 12, 13, 15, 16, 17, 19, 20, 21, 24, 33, 34, 35, 36, 37, 38, 41, 53, 54, 55, 56, 57, 58, 61, 71, 75, 76, 78, 79, 80, 81, 86, 87, 88, 90, 91, 92, 93, 94, 95, 96, 97, 98, 99, 102, 108, 109, 110, 116, 117, 118, 124, 125, 127, 130, 139, 140, 141, 143, 186, 202, 203, 205, 206, 208, 209, 212, 213, 214, 217, 218, 220, 223, 224, 226, 227, 228, 235, 236, 238, 239, 246, 254, 255, 256, 258, 259, 262, 263, 264, 266, 267, 268, 269, 272, 273, 274, 276, 277, 278, 279, 280, 283, 292, 293, 294, 296, 297, 299, 300, 301, 306, 307, 310, 316, 317, 318, 320, 321, 322, 325, 356, 357, 359, 360, 363, 364, 365, 368, 369, 372, 373, 376, 379, 381, 382, 383, 384, 386, 387, 389, 390, 391, 392, 394, 395, 398, 399, 402, 403], "summary": {"covered_lines": 153, "num_statements": 153, "percent_covered": 100.0, "percent_covered_display": "100", "missing_lines": 0, "excluded_lines": 0, "percent_statements_covered": 100.0, "percent_statements_covered_display": "100"}, "missing_lines": [], "excluded_lines": [], "functions": {"_normalize_package_name": {"executed_lines": [33, 34, 35, 36, 37, 38], "summary": {"covered_lines": 6, "num_statements": 6, "percent_covered": 100.0, "percent_covered_display": "100", "missing_lines": 0, "excluded_lines": 0, "percent_statements_covered": 100.0, "percent_statements_covered_display": "100"}, "missing_lines": [], "excluded_lines": [], "start_line": 24}, "_validate_git_host": {"executed_lines": [53, 54, 55, 56, 57, 58], "summary": {"covered_lines": 6, "num_statements": 6, "percent_covered": 100.0, "percent_covered_display": "100", "missing_lines": 0, "excluded_lines": 0, "percent_statements_covered": 100.0, "percent_statements_covered_display": "100"}, "missing_lines": [], "excluded_lines": [], "start_line": 41}, "_check_template_repository_reachable": {"executed_lines": [71, 75, 76, 78, 79, 80, 81, 86, 87, 88, 90, 91, 92, 93, 94, 95, 96, 97, 98, 99], "summary": {"covered_lines": 20, "num_statements": 20, "percent_covered": 100.0, "percent_covered_display": "100", "missing_lines": 0, "excluded_lines": 0, "percent_statements_covered": 100.0, "percent_statements_covered_display": "100"}, "missing_lines": [], "excluded_lines": [], "start_line": 61}, "_prompt_git_host": {"executed_lines": [108, 109, 110, 116, 117, 118, 124, 125, 127], "summary": {"covered_lines": 9, "num_statements": 9, "percent_covered": 100.0, "percent_covered_display": "100", "missing_lines": 0, "excluded_lines": 0, "percent_statements_covered": 100.0, "percent_statements_covered_display": "100"}, "missing_lines": [], "excluded_lines": [], "start_line": 102}, "_get_default_templates_for_host": {"executed_lines": [139, 140, 141, 143], "summary": {"covered_lines": 4, "num_statements": 4, "percent_covered": 100.0, "percent_covered_display": "100", "missing_lines": 0, "excluded_lines": 0, "percent_statements_covered": 100.0, "percent_statements_covered_display": "100"}, "missing_lines": [], "excluded_lines": [], "start_line": 130}, "_create_template_file": {"executed_lines": [202, 203, 205, 206, 208, 209, 212, 213, 214, 217, 218, 220, 223, 224, 226, 227, 228, 235, 236, 238, 239], "summary": {"covered_lines": 21, "num_statements": 21, "percent_covered": 100.0, "percent_covered_display": "100", "missing_lines": 0, "excluded_lines": 0, "percent_statements_covered": 100.0, "percent_statements_covered_display": "100"}, "missing_lines": [], "excluded_lines": [], "start_line": 186}, "_create_python_package": {"executed_lines": [254, 255, 256, 258, 259, 262, 263, 264, 266, 267, 268, 269, 272, 273, 274, 276, 277, 278, 279, 280], "summary": {"covered_lines": 20, "num_statements": 20, "percent_covered": 100.0, "percent_covered_display": "100", "missing_lines": 0, "excluded_lines": 0, "percent_statements_covered": 100.0, "percent_statements_covered_display": "100"}, "missing_lines": [], "excluded_lines": [], "start_line": 246}, "_create_pyproject_toml": {"executed_lines": [292, 293, 294, 296, 297, 299, 300, 301, 306, 307], "summary": {"covered_lines": 10, "num_statements": 10, "percent_covered": 100.0, "percent_covered_display": "100", "missing_lines": 0, "excluded_lines": 0, "percent_statements_covered": 100.0, "percent_statements_covered_display": "100"}, "missing_lines": [], "excluded_lines": [], "start_line": 283}, "_create_readme": {"executed_lines": [316, 317, 318, 320, 321, 322], "summary": {"covered_lines": 6, "num_statements": 6, "percent_covered": 100.0, "percent_covered_display": "100", "missing_lines": 0, "excluded_lines": 0, "percent_statements_covered": 100.0, "percent_statements_covered_display": "100"}, "missing_lines": [], "excluded_lines": [], "start_line": 310}, "init": {"executed_lines": [356, 357, 359, 360, 363, 364, 365, 368, 369, 372, 373, 376, 379, 381, 382, 383, 384, 386, 387, 389, 390, 391, 392, 394, 395, 398, 399, 402, 403], "summary": {"covered_lines": 29, "num_statements": 29, "percent_covered": 100.0, "percent_covered_display": "100", "missing_lines": 0, "excluded_lines": 0, "percent_statements_covered": 100.0, "percent_statements_covered_display": "100"}, "missing_lines": [], "excluded_lines": [], "start_line": 325}, "": {"executed_lines": [8, 9, 10, 11, 12, 13, 15, 16, 17, 19, 20, 21, 24, 41, 61, 102, 130, 186, 246, 283, 310, 325], "summary": {"covered_lines": 22, "num_statements": 22, "percent_covered": 100.0, "percent_covered_display": "100", "missing_lines": 0, "excluded_lines": 0, "percent_statements_covered": 100.0, "percent_statements_covered_display": "100"}, "missing_lines": [], "excluded_lines": [], "start_line": 1}}, "classes": {"": {"executed_lines": [8, 9, 10, 11, 12, 13, 15, 16, 17, 19, 20, 21, 24, 33, 34, 35, 36, 37, 38, 41, 53, 54, 55, 56, 57, 58, 61, 71, 75, 76, 78, 79, 80, 81, 86, 87, 88, 90, 91, 92, 93, 94, 95, 96, 97, 98, 99, 102, 108, 109, 110, 116, 117, 118, 124, 125, 127, 130, 139, 140, 141, 143, 186, 202, 203, 205, 206, 208, 209, 212, 213, 214, 217, 218, 220, 223, 224, 226, 227, 228, 235, 236, 238, 239, 246, 254, 255, 256, 258, 259, 262, 263, 264, 266, 267, 268, 269, 272, 273, 274, 276, 277, 278, 279, 280, 283, 292, 293, 294, 296, 297, 299, 300, 301, 306, 307, 310, 316, 317, 318, 320, 321, 322, 325, 356, 357, 359, 360, 363, 364, 365, 368, 369, 372, 373, 376, 379, 381, 382, 383, 384, 386, 387, 389, 390, 391, 392, 394, 395, 398, 399, 402, 403], "summary": {"covered_lines": 153, "num_statements": 153, "percent_covered": 100.0, "percent_covered_display": "100", "missing_lines": 0, "excluded_lines": 0, "percent_statements_covered": 100.0, "percent_statements_covered_display": "100"}, "missing_lines": [], "excluded_lines": [], "start_line": 1}}}, "src/rhiza/commands/materialize.py": {"executed_lines": [13, 15, 27, 41, 54, 56, 61], "summary": {"covered_lines": 7, "num_statements": 7, "percent_covered": 100.0, "percent_covered_display": "100", "missing_lines": 0, "excluded_lines": 0, "percent_statements_covered": 100.0, "percent_statements_covered_display": "100"}, "missing_lines": [], "excluded_lines": [], "functions": {"materialize": {"executed_lines": [54, 56, 61], "summary": {"covered_lines": 3, "num_statements": 3, "percent_covered": 100.0, "percent_covered_display": "100", "missing_lines": 0, "excluded_lines": 0, "percent_statements_covered": 100.0, "percent_statements_covered_display": "100"}, "missing_lines": [], "excluded_lines": [], "start_line": 41}, "": {"executed_lines": [13, 15, 27, 41], "summary": {"covered_lines": 4, "num_statements": 4, "percent_covered": 100.0, "percent_covered_display": "100", "missing_lines": 0, "excluded_lines": 0, "percent_statements_covered": 100.0, "percent_statements_covered_display": "100"}, "missing_lines": [], "excluded_lines": [], "start_line": 1}}, "classes": {"": {"executed_lines": [13, 15, 27, 41, 54, 56, 61], "summary": {"covered_lines": 7, "num_statements": 7, "percent_covered": 100.0, "percent_covered_display": "100", "missing_lines": 0, "excluded_lines": 0, "percent_statements_covered": 100.0, "percent_statements_covered_display": "100"}, "missing_lines": [], "excluded_lines": [], "start_line": 1}}}, "src/rhiza/commands/migrate.py": {"executed_lines": [8, 9, 11, 13, 16, 25, 26, 27, 28, 29, 31, 32, 35, 45, 46, 48, 53, 54, 56, 57, 58, 59, 60, 61, 63, 64, 65, 66, 67, 68, 69, 71, 72, 73, 75, 76, 78, 81, 87, 88, 89, 91, 92, 93, 94, 95, 96, 97, 98, 101, 111, 112, 113, 115, 116, 117, 118, 119, 121, 122, 123, 124, 125, 127, 128, 130, 132, 135, 141, 143, 144, 145, 146, 147, 149, 151, 164, 181, 182, 183, 186, 189, 192, 193, 196, 199, 200], "summary": {"covered_lines": 87, "num_statements": 87, "percent_covered": 100.0, "percent_covered_display": "100", "missing_lines": 0, "excluded_lines": 0, "percent_statements_covered": 100.0, "percent_statements_covered_display": "100"}, "missing_lines": [], "excluded_lines": [], "functions": {"_create_rhiza_directory": {"executed_lines": [25, 26, 27, 28, 29, 31, 32], "summary": {"covered_lines": 7, "num_statements": 7, "percent_covered": 100.0, "percent_covered_display": "100", "missing_lines": 0, "excluded_lines": 0, "percent_statements_covered": 100.0, "percent_statements_covered_display": "100"}, "missing_lines": [], "excluded_lines": [], "start_line": 16}, "_migrate_template_file": {"executed_lines": [45, 46, 48, 53, 54, 56, 57, 58, 59, 60, 61, 63, 64, 65, 66, 67, 68, 69, 71, 72, 73, 75, 76, 78], "summary": {"covered_lines": 24, "num_statements": 24, "percent_covered": 100.0, "percent_covered_display": "100", "missing_lines": 0, "excluded_lines": 0, "percent_statements_covered": 100.0, "percent_statements_covered_display": "100"}, "missing_lines": [], "excluded_lines": [], "start_line": 35}, "_ensure_rhiza_in_include": {"executed_lines": [87, 88, 89, 91, 92, 93, 94, 95, 96, 97, 98], "summary": {"covered_lines": 11, "num_statements": 11, "percent_covered": 100.0, "percent_covered_display": "100", "missing_lines": 0, "excluded_lines": 0, "percent_statements_covered": 100.0, "percent_statements_covered_display": "100"}, "missing_lines": [], "excluded_lines": [], "start_line": 81}, "_migrate_history_file": {"executed_lines": [111, 112, 113, 115, 116, 117, 118, 119, 121, 122, 123, 124, 125, 127, 128, 130, 132], "summary": {"covered_lines": 17, "num_statements": 17, "percent_covered": 100.0, "percent_covered_display": "100", "missing_lines": 0, "excluded_lines": 0, "percent_statements_covered": 100.0, "percent_statements_covered_display": "100"}, "missing_lines": [], "excluded_lines": [], "start_line": 101}, "_print_migration_summary": {"executed_lines": [141, 143, 144, 145, 146, 147, 149, 151], "summary": {"covered_lines": 8, "num_statements": 8, "percent_covered": 100.0, "percent_covered_display": "100", "missing_lines": 0, "excluded_lines": 0, "percent_statements_covered": 100.0, "percent_statements_covered_display": "100"}, "missing_lines": [], "excluded_lines": [], "start_line": 135}, "migrate": {"executed_lines": [181, 182, 183, 186, 189, 192, 193, 196, 199, 200], "summary": {"covered_lines": 10, "num_statements": 10, "percent_covered": 100.0, "percent_covered_display": "100", "missing_lines": 0, "excluded_lines": 0, "percent_statements_covered": 100.0, "percent_statements_covered_display": "100"}, "missing_lines": [], "excluded_lines": [], "start_line": 164}, "": {"executed_lines": [8, 9, 11, 13, 16, 35, 81, 101, 135, 164], "summary": {"covered_lines": 10, "num_statements": 10, "percent_covered": 100.0, "percent_covered_display": "100", "missing_lines": 0, "excluded_lines": 0, "percent_statements_covered": 100.0, "percent_statements_covered_display": "100"}, "missing_lines": [], "excluded_lines": [], "start_line": 1}}, "classes": {"": {"executed_lines": [8, 9, 11, 13, 16, 25, 26, 27, 28, 29, 31, 32, 35, 45, 46, 48, 53, 54, 56, 57, 58, 59, 60, 61, 63, 64, 65, 66, 67, 68, 69, 71, 72, 73, 75, 76, 78, 81, 87, 88, 89, 91, 92, 93, 94, 95, 96, 97, 98, 101, 111, 112, 113, 115, 116, 117, 118, 119, 121, 122, 123, 124, 125, 127, 128, 130, 132, 135, 141, 143, 144, 145, 146, 147, 149, 151, 164, 181, 182, 183, 186, 189, 192, 193, 196, 199, 200], "summary": {"covered_lines": 87, "num_statements": 87, "percent_covered": 100.0, "percent_covered_display": "100", "missing_lines": 0, "excluded_lines": 0, "percent_statements_covered": 100.0, "percent_statements_covered_display": "100"}, "missing_lines": [], "excluded_lines": [], "start_line": 1}}}, "src/rhiza/commands/summarise.py": {"executed_lines": [7, 8, 9, 10, 12, 15, 25, 26, 33, 34, 35, 36, 39, 48, 55, 57, 58, 59, 60, 61, 62, 63, 65, 66, 67, 68, 69, 70, 71, 73, 75, 78, 84, 96, 106, 107, 108, 109, 110, 112, 113, 114, 115, 116, 117, 119, 120, 122, 123, 125, 128, 137, 139, 140, 143, 144, 145, 148, 149, 151, 152, 154, 157, 166, 168, 169, 170, 172, 175, 184, 186, 187, 189, 190, 192, 193, 194, 195, 196, 197, 198, 200, 203, 213, 217, 218, 221, 222, 224, 225, 227, 230, 240, 241, 242, 243, 246, 256, 257, 259, 260, 261, 262, 263, 264, 265, 268, 277, 285, 294, 304, 315, 322, 323, 324, 325, 328, 337, 338, 339, 342, 345, 346, 347, 348, 351, 354, 355, 357, 358, 359, 361, 362, 363, 366, 367, 368, 370, 371, 372, 375, 377, 380, 394, 395, 398, 399, 400, 401, 404, 407, 408, 409, 410, 413, 415], "summary": {"covered_lines": 156, "num_statements": 156, "percent_covered": 100.0, "percent_covered_display": "100", "missing_lines": 0, "excluded_lines": 0, "percent_statements_covered": 100.0, "percent_statements_covered_display": "100"}, "missing_lines": [], "excluded_lines": [], "functions": {"run_git_command": {"executed_lines": [25, 26, 33, 34, 35, 36], "summary": {"covered_lines": 6, "num_statements": 6, "percent_covered": 100.0, "percent_covered_display": "100", "missing_lines": 0, "excluded_lines": 0, "percent_statements_covered": 100.0, "percent_statements_covered_display": "100"}, "missing_lines": [], "excluded_lines": [], "start_line": 15}, "get_staged_changes": {"executed_lines": [48, 55, 57, 58, 59, 60, 61, 62, 63, 65, 66, 67, 68, 69, 70, 71, 73, 75], "summary": {"covered_lines": 18, "num_statements": 18, "percent_covered": 100.0, "percent_covered_display": "100", "missing_lines": 0, "excluded_lines": 0, "percent_statements_covered": 100.0, "percent_statements_covered_display": "100"}, "missing_lines": [], "excluded_lines": [], "start_line": 39}, "_get_config_files": {"executed_lines": [84], "summary": {"covered_lines": 1, "num_statements": 1, "percent_covered": 100.0, "percent_covered_display": "100", "missing_lines": 0, "excluded_lines": 0, "percent_statements_covered": 100.0, "percent_statements_covered_display": "100"}, "missing_lines": [], "excluded_lines": [], "start_line": 78}, "_categorize_by_directory": {"executed_lines": [106, 107, 108, 109, 110, 112, 113, 114, 115, 116, 117, 119, 120, 122, 123, 125], "summary": {"covered_lines": 16, "num_statements": 16, "percent_covered": 100.0, "percent_covered_display": "100", "missing_lines": 0, "excluded_lines": 0, "percent_statements_covered": 100.0, "percent_statements_covered_display": "100"}, "missing_lines": [], "excluded_lines": [], "start_line": 96}, "_categorize_single_file": {"executed_lines": [137, 139, 140, 143, 144, 145, 148, 149, 151, 152, 154], "summary": {"covered_lines": 11, "num_statements": 11, "percent_covered": 100.0, "percent_covered_display": "100", "missing_lines": 0, "excluded_lines": 0, "percent_statements_covered": 100.0, "percent_statements_covered_display": "100"}, "missing_lines": [], "excluded_lines": [], "start_line": 128}, "categorize_files": {"executed_lines": [166, 168, 169, 170, 172], "summary": {"covered_lines": 5, "num_statements": 5, "percent_covered": 100.0, "percent_covered_display": "100", "missing_lines": 0, "excluded_lines": 0, "percent_statements_covered": 100.0, "percent_statements_covered_display": "100"}, "missing_lines": [], "excluded_lines": [], "start_line": 157}, "get_template_info": {"executed_lines": [184, 186, 187, 189, 190, 192, 193, 194, 195, 196, 197, 198, 200], "summary": {"covered_lines": 13, "num_statements": 13, "percent_covered": 100.0, "percent_covered_display": "100", "missing_lines": 0, "excluded_lines": 0, "percent_statements_covered": 100.0, "percent_statements_covered_display": "100"}, "missing_lines": [], "excluded_lines": [], "start_line": 175}, "get_last_sync_date": {"executed_lines": [213, 217, 218, 221, 222, 224, 225, 227], "summary": {"covered_lines": 8, "num_statements": 8, "percent_covered": 100.0, "percent_covered_display": "100", "missing_lines": 0, "excluded_lines": 0, "percent_statements_covered": 100.0, "percent_statements_covered_display": "100"}, "missing_lines": [], "excluded_lines": [], "start_line": 203}, "_format_file_list": {"executed_lines": [240, 241, 242, 243], "summary": {"covered_lines": 4, "num_statements": 4, "percent_covered": 100.0, "percent_covered_display": "100", "missing_lines": 0, "excluded_lines": 0, "percent_statements_covered": 100.0, "percent_statements_covered_display": "100"}, "missing_lines": [], "excluded_lines": [], "start_line": 230}, "_add_category_section": {"executed_lines": [256, 257, 259, 260, 261, 262, 263, 264, 265], "summary": {"covered_lines": 9, "num_statements": 9, "percent_covered": 100.0, "percent_covered_display": "100", "missing_lines": 0, "excluded_lines": 0, "percent_statements_covered": 100.0, "percent_statements_covered_display": "100"}, "missing_lines": [], "excluded_lines": [], "start_line": 246}, "_build_header": {"executed_lines": [277], "summary": {"covered_lines": 1, "num_statements": 1, "percent_covered": 100.0, "percent_covered_display": "100", "missing_lines": 0, "excluded_lines": 0, "percent_statements_covered": 100.0, "percent_statements_covered_display": "100"}, "missing_lines": [], "excluded_lines": [], "start_line": 268}, "_build_summary": {"executed_lines": [294], "summary": {"covered_lines": 1, "num_statements": 1, "percent_covered": 100.0, "percent_covered_display": "100", "missing_lines": 0, "excluded_lines": 0, "percent_statements_covered": 100.0, "percent_statements_covered_display": "100"}, "missing_lines": [], "excluded_lines": [], "start_line": 285}, "_build_footer": {"executed_lines": [315, 322, 323, 324, 325], "summary": {"covered_lines": 5, "num_statements": 5, "percent_covered": 100.0, "percent_covered_display": "100", "missing_lines": 0, "excluded_lines": 0, "percent_statements_covered": 100.0, "percent_statements_covered_display": "100"}, "missing_lines": [], "excluded_lines": [], "start_line": 304}, "generate_pr_description": {"executed_lines": [337, 338, 339, 342, 345, 346, 347, 348, 351, 354, 355, 357, 358, 359, 361, 362, 363, 366, 367, 368, 370, 371, 372, 375, 377], "summary": {"covered_lines": 25, "num_statements": 25, "percent_covered": 100.0, "percent_covered_display": "100", "missing_lines": 0, "excluded_lines": 0, "percent_statements_covered": 100.0, "percent_statements_covered_display": "100"}, "missing_lines": [], "excluded_lines": [], "start_line": 328}, "summarise": {"executed_lines": [394, 395, 398, 399, 400, 401, 404, 407, 408, 409, 410, 413, 415], "summary": {"covered_lines": 13, "num_statements": 13, "percent_covered": 100.0, "percent_covered_display": "100", "missing_lines": 0, "excluded_lines": 0, "percent_statements_covered": 100.0, "percent_statements_covered_display": "100"}, "missing_lines": [], "excluded_lines": [], "start_line": 380}, "": {"executed_lines": [7, 8, 9, 10, 12, 15, 39, 78, 96, 128, 157, 175, 203, 230, 246, 268, 285, 304, 328, 380], "summary": {"covered_lines": 20, "num_statements": 20, "percent_covered": 100.0, "percent_covered_display": "100", "missing_lines": 0, "excluded_lines": 0, "percent_statements_covered": 100.0, "percent_statements_covered_display": "100"}, "missing_lines": [], "excluded_lines": [], "start_line": 1}}, "classes": {"": {"executed_lines": [7, 8, 9, 10, 12, 15, 25, 26, 33, 34, 35, 36, 39, 48, 55, 57, 58, 59, 60, 61, 62, 63, 65, 66, 67, 68, 69, 70, 71, 73, 75, 78, 84, 96, 106, 107, 108, 109, 110, 112, 113, 114, 115, 116, 117, 119, 120, 122, 123, 125, 128, 137, 139, 140, 143, 144, 145, 148, 149, 151, 152, 154, 157, 166, 168, 169, 170, 172, 175, 184, 186, 187, 189, 190, 192, 193, 194, 195, 196, 197, 198, 200, 203, 213, 217, 218, 221, 222, 224, 225, 227, 230, 240, 241, 242, 243, 246, 256, 257, 259, 260, 261, 262, 263, 264, 265, 268, 277, 285, 294, 304, 315, 322, 323, 324, 325, 328, 337, 338, 339, 342, 345, 346, 347, 348, 351, 354, 355, 357, 358, 359, 361, 362, 363, 366, 367, 368, 370, 371, 372, 375, 377, 380, 394, 395, 398, 399, 400, 401, 404, 407, 408, 409, 410, 413, 415], "summary": {"covered_lines": 156, "num_statements": 156, "percent_covered": 100.0, "percent_covered_display": "100", "missing_lines": 0, "excluded_lines": 0, "percent_statements_covered": 100.0, "percent_statements_covered_display": "100"}, "missing_lines": [], "excluded_lines": [], "start_line": 1}}}, "src/rhiza/commands/sync.py": {"executed_lines": [20, 21, 22, 23, 24, 25, 26, 28, 29, 31, 32, 33, 34, 36, 37, 40, 42, 43, 44, 45, 64, 65, 66, 67, 70, 71, 79, 85, 86, 87, 88, 89, 92, 103, 104, 106, 107, 108, 116, 117, 118, 127, 128, 136, 137, 138, 139, 140, 143, 153, 154, 155, 156, 157, 159, 160, 162, 163, 164, 165, 166, 167, 168, 170, 171, 172, 173, 175, 180, 181, 182, 183, 185, 190, 193, 206, 207, 208, 209, 210, 211, 213, 214, 215, 216, 219, 233, 234, 235, 244, 245, 246, 247, 250, 268, 269, 270, 288, 289, 290, 291, 292, 293, 294, 295, 296, 298, 299, 300, 309, 310, 311, 312, 331, 337, 339, 340, 344, 347, 360, 361, 362, 363, 364, 365, 366, 367, 371, 372, 374, 375, 376, 377, 378, 379, 381, 382, 384, 385, 386, 387, 388, 389, 390, 393, 400, 401, 402, 403, 404, 411, 418, 419, 420, 422, 424, 426, 428, 432, 433, 434, 435, 436, 437, 444, 447, 458, 459, 460, 461, 463, 464, 465, 466, 470, 473, 480, 481, 482, 490, 501, 509, 512, 530, 531, 546, 547, 548, 549, 552, 553, 561, 569, 570, 571, 572, 575, 576, 584, 585, 586, 587, 595, 605, 606, 607, 608, 609, 610, 611, 613, 614, 617, 627, 628, 629, 632, 633, 634, 642, 661, 662, 663, 664, 665, 666, 667, 668, 669, 672, 686, 687, 689, 690, 698, 699, 700, 701, 703, 704, 712, 713, 714, 715, 716, 719, 721, 729, 737, 738, 739, 740, 741, 742, 745, 754, 755, 756, 757, 758, 760, 763, 799, 800, 801, 802, 816, 817, 819, 820, 821, 822, 824, 825, 828, 856, 857, 858, 859, 860, 861, 862, 864, 865, 867, 869, 870, 871, 872, 874, 875, 877, 878, 880, 888, 909, 911, 912, 914, 915, 916, 917, 918, 920, 921, 923, 931, 950, 951, 952, 953, 955, 956, 957, 959, 961, 962, 963, 965, 966, 975, 976, 977, 978, 979, 981, 983, 984, 985, 986, 988, 1000, 1001, 1003, 1019, 1020, 1022, 1023], "summary": {"covered_lines": 338, "num_statements": 363, "percent_covered": 93.1129476584022, "percent_covered_display": "93", "missing_lines": 25, "excluded_lines": 0, "percent_statements_covered": 93.1129476584022, "percent_statements_covered_display": "93"}, "missing_lines": [176, 177, 178, 186, 187, 188, 243, 308, 314, 315, 316, 324, 325, 326, 327, 328, 368, 369, 405, 406, 408, 429, 430, 467, 468], "excluded_lines": [], "functions": {"_get_diff": {"executed_lines": [42, 43, 44, 45, 64, 65, 66, 67, 70, 71], "summary": {"covered_lines": 10, "num_statements": 10, "percent_covered": 100.0, "percent_covered_display": "100", "missing_lines": 0, "excluded_lines": 0, "percent_statements_covered": 100.0, "percent_statements_covered_display": "100"}, "missing_lines": [], "excluded_lines": [], "start_line": 40}, "_log_git_stderr_errors": {"executed_lines": [85, 86, 87, 88, 89], "summary": {"covered_lines": 5, "num_statements": 5, "percent_covered": 100.0, "percent_covered_display": "100", "missing_lines": 0, "excluded_lines": 0, "percent_statements_covered": 100.0, "percent_statements_covered_display": "100"}, "missing_lines": [], "excluded_lines": [], "start_line": 79}, "_handle_target_branch": {"executed_lines": [103, 104, 106, 107, 108, 116, 117, 118, 127, 128, 136, 137, 138, 139, 140], "summary": {"covered_lines": 15, "num_statements": 15, "percent_covered": 100.0, "percent_covered_display": "100", "missing_lines": 0, "excluded_lines": 0, "percent_statements_covered": 100.0, "percent_statements_covered_display": "100"}, "missing_lines": [], "excluded_lines": [], "start_line": 92}, "_validate_and_load_template": {"executed_lines": [153, 154, 155, 156, 157, 159, 160, 162, 163, 164, 165, 166, 167, 168, 170, 171, 172, 173, 175, 180, 181, 182, 183, 185, 190], "summary": {"covered_lines": 25, "num_statements": 31, "percent_covered": 80.64516129032258, "percent_covered_display": "81", "missing_lines": 6, "excluded_lines": 0, "percent_statements_covered": 80.64516129032258, "percent_statements_covered_display": "81"}, "missing_lines": [176, 177, 178, 186, 187, 188], "excluded_lines": [], "start_line": 143}, "_construct_git_url": {"executed_lines": [206, 207, 208, 209, 210, 211, 213, 214, 215, 216], "summary": {"covered_lines": 10, "num_statements": 10, "percent_covered": 100.0, "percent_covered_display": "100", "missing_lines": 0, "excluded_lines": 0, "percent_statements_covered": 100.0, "percent_statements_covered_display": "100"}, "missing_lines": [], "excluded_lines": [], "start_line": 193}, "_update_sparse_checkout": {"executed_lines": [233, 234, 235, 244, 245, 246, 247], "summary": {"covered_lines": 7, "num_statements": 8, "percent_covered": 87.5, "percent_covered_display": "88", "missing_lines": 1, "excluded_lines": 0, "percent_statements_covered": 87.5, "percent_statements_covered_display": "88"}, "missing_lines": [243], "excluded_lines": [], "start_line": 219}, "_clone_template_repository": {"executed_lines": [268, 269, 270, 288, 289, 290, 291, 292, 293, 294, 295, 296, 298, 299, 300, 309, 310, 311, 312], "summary": {"covered_lines": 19, "num_statements": 28, "percent_covered": 67.85714285714286, "percent_covered_display": "68", "missing_lines": 9, "excluded_lines": 0, "percent_statements_covered": 67.85714285714286, "percent_statements_covered_display": "68"}, "missing_lines": [308, 314, 315, 316, 324, 325, 326, 327, 328], "excluded_lines": [], "start_line": 250}, "_warn_about_workflow_files": {"executed_lines": [337, 339, 340, 344], "summary": {"covered_lines": 4, "num_statements": 4, "percent_covered": 100.0, "percent_covered_display": "100", "missing_lines": 0, "excluded_lines": 0, "percent_statements_covered": 100.0, "percent_statements_covered_display": "100"}, "missing_lines": [], "excluded_lines": [], "start_line": 331}, "_read_previously_tracked_files": {"executed_lines": [360, 361, 362, 363, 364, 365, 366, 367, 371, 372, 374, 375, 376, 377, 378, 379, 381, 382, 384, 385, 386, 387, 388, 389, 390], "summary": {"covered_lines": 25, "num_statements": 27, "percent_covered": 92.5925925925926, "percent_covered_display": "93", "missing_lines": 2, "excluded_lines": 0, "percent_statements_covered": 92.5925925925926, "percent_statements_covered_display": "93"}, "missing_lines": [368, 369], "excluded_lines": [], "start_line": 347}, "_delete_orphaned_file": {"executed_lines": [400, 401, 402, 403, 404], "summary": {"covered_lines": 5, "num_statements": 8, "percent_covered": 62.5, "percent_covered_display": "62", "missing_lines": 3, "excluded_lines": 0, "percent_statements_covered": 62.5, "percent_statements_covered_display": "62"}, "missing_lines": [405, 406, 408], "excluded_lines": [], "start_line": 393}, "_clean_orphaned_files": {"executed_lines": [418, 419, 420, 422, 424, 426, 428, 432, 433, 434, 435, 436, 437], "summary": {"covered_lines": 13, "num_statements": 15, "percent_covered": 86.66666666666667, "percent_covered_display": "87", "missing_lines": 2, "excluded_lines": 0, "percent_statements_covered": 86.66666666666667, "percent_statements_covered_display": "87"}, "missing_lines": [429, 430], "excluded_lines": [], "start_line": 411}, "_read_lock": {"executed_lines": [458, 459, 460, 461, 463, 464, 465, 466, 470], "summary": {"covered_lines": 9, "num_statements": 11, "percent_covered": 81.81818181818181, "percent_covered_display": "82", "missing_lines": 2, "excluded_lines": 0, "percent_statements_covered": 81.81818181818181, "percent_statements_covered_display": "82"}, "missing_lines": [467, 468], "excluded_lines": [], "start_line": 447}, "_write_lock": {"executed_lines": [480, 481, 482], "summary": {"covered_lines": 3, "num_statements": 3, "percent_covered": 100.0, "percent_covered_display": "100", "missing_lines": 0, "excluded_lines": 0, "percent_statements_covered": 100.0, "percent_statements_covered_display": "100"}, "missing_lines": [], "excluded_lines": [], "start_line": 473}, "_get_head_sha": {"executed_lines": [501, 509], "summary": {"covered_lines": 2, "num_statements": 2, "percent_covered": 100.0, "percent_covered_display": "100", "missing_lines": 0, "excluded_lines": 0, "percent_statements_covered": 100.0, "percent_statements_covered_display": "100"}, "missing_lines": [], "excluded_lines": [], "start_line": 490}, "_clone_at_sha": {"executed_lines": [530, 531, 546, 547, 548, 549, 552, 553, 561, 569, 570, 571, 572, 575, 576, 584, 585, 586, 587], "summary": {"covered_lines": 19, "num_statements": 19, "percent_covered": 100.0, "percent_covered_display": "100", "missing_lines": 0, "excluded_lines": 0, "percent_statements_covered": 100.0, "percent_statements_covered_display": "100"}, "missing_lines": [], "excluded_lines": [], "start_line": 512}, "_expand_paths": {"executed_lines": [605, 606, 607, 608, 609, 610, 611, 613, 614], "summary": {"covered_lines": 9, "num_statements": 9, "percent_covered": 100.0, "percent_covered_display": "100", "missing_lines": 0, "excluded_lines": 0, "percent_statements_covered": 100.0, "percent_statements_covered_display": "100"}, "missing_lines": [], "excluded_lines": [], "start_line": 595}, "_excluded_set": {"executed_lines": [627, 628, 629, 632, 633, 634], "summary": {"covered_lines": 6, "num_statements": 6, "percent_covered": 100.0, "percent_covered_display": "100", "missing_lines": 0, "excluded_lines": 0, "percent_statements_covered": 100.0, "percent_statements_covered_display": "100"}, "missing_lines": [], "excluded_lines": [], "start_line": 617}, "_prepare_snapshot": {"executed_lines": [661, 662, 663, 664, 665, 666, 667, 668, 669], "summary": {"covered_lines": 9, "num_statements": 9, "percent_covered": 100.0, "percent_covered_display": "100", "missing_lines": 0, "excluded_lines": 0, "percent_statements_covered": 100.0, "percent_statements_covered_display": "100"}, "missing_lines": [], "excluded_lines": [], "start_line": 642}, "_apply_diff": {"executed_lines": [686, 687, 689, 690, 698, 699, 700, 701, 703, 704, 712, 713, 714, 715, 716, 719, 721], "summary": {"covered_lines": 17, "num_statements": 17, "percent_covered": 100.0, "percent_covered_display": "100", "missing_lines": 0, "excluded_lines": 0, "percent_statements_covered": 100.0, "percent_statements_covered_display": "100"}, "missing_lines": [], "excluded_lines": [], "start_line": 672}, "_copy_files_to_target": {"executed_lines": [737, 738, 739, 740, 741, 742], "summary": {"covered_lines": 6, "num_statements": 6, "percent_covered": 100.0, "percent_covered_display": "100", "missing_lines": 0, "excluded_lines": 0, "percent_statements_covered": 100.0, "percent_statements_covered_display": "100"}, "missing_lines": [], "excluded_lines": [], "start_line": 729}, "_sync_diff": {"executed_lines": [754, 755, 756, 757, 758, 760], "summary": {"covered_lines": 6, "num_statements": 6, "percent_covered": 100.0, "percent_covered_display": "100", "missing_lines": 0, "excluded_lines": 0, "percent_statements_covered": 100.0, "percent_statements_covered_display": "100"}, "missing_lines": [], "excluded_lines": [], "start_line": 745}, "_sync_merge": {"executed_lines": [799, 800, 801, 802, 816, 817, 819, 820, 821, 822, 824, 825], "summary": {"covered_lines": 12, "num_statements": 12, "percent_covered": 100.0, "percent_covered_display": "100", "missing_lines": 0, "excluded_lines": 0, "percent_statements_covered": 100.0, "percent_statements_covered_display": "100"}, "missing_lines": [], "excluded_lines": [], "start_line": 763}, "_merge_with_base": {"executed_lines": [856, 857, 858, 859, 860, 861, 862, 864, 865, 867, 869, 870, 871, 872, 874, 875, 877, 878, 880], "summary": {"covered_lines": 19, "num_statements": 19, "percent_covered": 100.0, "percent_covered_display": "100", "missing_lines": 0, "excluded_lines": 0, "percent_statements_covered": 100.0, "percent_statements_covered_display": "100"}, "missing_lines": [], "excluded_lines": [], "start_line": 828}, "_clone_and_resolve_upstream": {"executed_lines": [909, 911, 912, 914, 915, 916, 917, 918, 920, 921, 923], "summary": {"covered_lines": 11, "num_statements": 11, "percent_covered": 100.0, "percent_covered_display": "100", "missing_lines": 0, "excluded_lines": 0, "percent_statements_covered": 100.0, "percent_statements_covered_display": "100"}, "missing_lines": [], "excluded_lines": [], "start_line": 888}, "sync": {"executed_lines": [950, 951, 952, 953, 955, 956, 957, 959, 961, 962, 963, 965, 966, 975, 976, 977, 978, 979, 981, 983, 984, 985, 986, 988, 1000, 1001, 1003, 1019, 1020, 1022, 1023], "summary": {"covered_lines": 31, "num_statements": 31, "percent_covered": 100.0, "percent_covered_display": "100", "missing_lines": 0, "excluded_lines": 0, "percent_statements_covered": 100.0, "percent_statements_covered_display": "100"}, "missing_lines": [], "excluded_lines": [], "start_line": 931}, "": {"executed_lines": [20, 21, 22, 23, 24, 25, 26, 28, 29, 31, 32, 33, 34, 36, 37, 40, 79, 92, 143, 193, 219, 250, 331, 347, 393, 411, 444, 447, 473, 490, 512, 595, 617, 642, 672, 729, 745, 763, 828, 888, 931], "summary": {"covered_lines": 41, "num_statements": 41, "percent_covered": 100.0, "percent_covered_display": "100", "missing_lines": 0, "excluded_lines": 0, "percent_statements_covered": 100.0, "percent_statements_covered_display": "100"}, "missing_lines": [], "excluded_lines": [], "start_line": 1}}, "classes": {"": {"executed_lines": [20, 21, 22, 23, 24, 25, 26, 28, 29, 31, 32, 33, 34, 36, 37, 40, 42, 43, 44, 45, 64, 65, 66, 67, 70, 71, 79, 85, 86, 87, 88, 89, 92, 103, 104, 106, 107, 108, 116, 117, 118, 127, 128, 136, 137, 138, 139, 140, 143, 153, 154, 155, 156, 157, 159, 160, 162, 163, 164, 165, 166, 167, 168, 170, 171, 172, 173, 175, 180, 181, 182, 183, 185, 190, 193, 206, 207, 208, 209, 210, 211, 213, 214, 215, 216, 219, 233, 234, 235, 244, 245, 246, 247, 250, 268, 269, 270, 288, 289, 290, 291, 292, 293, 294, 295, 296, 298, 299, 300, 309, 310, 311, 312, 331, 337, 339, 340, 344, 347, 360, 361, 362, 363, 364, 365, 366, 367, 371, 372, 374, 375, 376, 377, 378, 379, 381, 382, 384, 385, 386, 387, 388, 389, 390, 393, 400, 401, 402, 403, 404, 411, 418, 419, 420, 422, 424, 426, 428, 432, 433, 434, 435, 436, 437, 444, 447, 458, 459, 460, 461, 463, 464, 465, 466, 470, 473, 480, 481, 482, 490, 501, 509, 512, 530, 531, 546, 547, 548, 549, 552, 553, 561, 569, 570, 571, 572, 575, 576, 584, 585, 586, 587, 595, 605, 606, 607, 608, 609, 610, 611, 613, 614, 617, 627, 628, 629, 632, 633, 634, 642, 661, 662, 663, 664, 665, 666, 667, 668, 669, 672, 686, 687, 689, 690, 698, 699, 700, 701, 703, 704, 712, 713, 714, 715, 716, 719, 721, 729, 737, 738, 739, 740, 741, 742, 745, 754, 755, 756, 757, 758, 760, 763, 799, 800, 801, 802, 816, 817, 819, 820, 821, 822, 824, 825, 828, 856, 857, 858, 859, 860, 861, 862, 864, 865, 867, 869, 870, 871, 872, 874, 875, 877, 878, 880, 888, 909, 911, 912, 914, 915, 916, 917, 918, 920, 921, 923, 931, 950, 951, 952, 953, 955, 956, 957, 959, 961, 962, 963, 965, 966, 975, 976, 977, 978, 979, 981, 983, 984, 985, 986, 988, 1000, 1001, 1003, 1019, 1020, 1022, 1023], "summary": {"covered_lines": 338, "num_statements": 363, "percent_covered": 93.1129476584022, "percent_covered_display": "93", "missing_lines": 25, "excluded_lines": 0, "percent_statements_covered": 93.1129476584022, "percent_statements_covered_display": "93"}, "missing_lines": [176, 177, 178, 186, 187, 188, 243, 308, 314, 315, 316, 324, 325, 326, 327, 328, 368, 369, 405, 406, 408, 429, 430, 467, 468], "excluded_lines": [], "start_line": 1}}}, "src/rhiza/commands/uninstall.py": {"executed_lines": [9, 11, 14, 24, 25, 27, 28, 29, 30, 31, 32, 34, 37, 47, 48, 49, 50, 51, 53, 55, 56, 57, 58, 59, 60, 61, 62, 64, 67, 77, 78, 79, 80, 82, 83, 85, 86, 87, 88, 90, 91, 92, 93, 94, 95, 96, 98, 101, 111, 112, 114, 115, 116, 118, 119, 120, 121, 122, 123, 124, 126, 127, 128, 130, 133, 143, 144, 145, 146, 147, 148, 150, 153, 162, 163, 164, 165, 166, 167, 168, 169, 170, 173, 184, 185, 187, 188, 189, 192, 204, 205, 206, 207, 208, 209, 211, 212, 213, 214, 216, 219, 220, 223, 226, 229, 230, 231, 232, 233, 236, 238, 239], "summary": {"covered_lines": 112, "num_statements": 120, "percent_covered": 93.33333333333333, "percent_covered_display": "93", "missing_lines": 8, "excluded_lines": 0, "percent_statements_covered": 93.33333333333333, "percent_statements_covered_display": "93"}, "missing_lines": [193, 194, 196, 197, 198, 199, 200, 201], "excluded_lines": [], "functions": {"_read_history_file": {"executed_lines": [24, 25, 27, 28, 29, 30, 31, 32, 34], "summary": {"covered_lines": 9, "num_statements": 9, "percent_covered": 100.0, "percent_covered_display": "100", "missing_lines": 0, "excluded_lines": 0, "percent_statements_covered": 100.0, "percent_statements_covered_display": "100"}, "missing_lines": [], "excluded_lines": [], "start_line": 14}, "_confirm_uninstall": {"executed_lines": [47, 48, 49, 50, 51, 53, 55, 56, 57, 58, 59, 60, 61, 62, 64], "summary": {"covered_lines": 15, "num_statements": 15, "percent_covered": 100.0, "percent_covered_display": "100", "missing_lines": 0, "excluded_lines": 0, "percent_statements_covered": 100.0, "percent_statements_covered_display": "100"}, "missing_lines": [], "excluded_lines": [], "start_line": 37}, "_remove_files": {"executed_lines": [77, 78, 79, 80, 82, 83, 85, 86, 87, 88, 90, 91, 92, 93, 94, 95, 96, 98], "summary": {"covered_lines": 18, "num_statements": 18, "percent_covered": 100.0, "percent_covered_display": "100", "missing_lines": 0, "excluded_lines": 0, "percent_statements_covered": 100.0, "percent_statements_covered_display": "100"}, "missing_lines": [], "excluded_lines": [], "start_line": 67}, "_cleanup_empty_directories": {"executed_lines": [111, 112, 114, 115, 116, 118, 119, 120, 121, 122, 123, 124, 126, 127, 128, 130], "summary": {"covered_lines": 16, "num_statements": 16, "percent_covered": 100.0, "percent_covered_display": "100", "missing_lines": 0, "excluded_lines": 0, "percent_statements_covered": 100.0, "percent_statements_covered_display": "100"}, "missing_lines": [], "excluded_lines": [], "start_line": 101}, "_remove_history_file": {"executed_lines": [143, 144, 145, 146, 147, 148, 150], "summary": {"covered_lines": 7, "num_statements": 7, "percent_covered": 100.0, "percent_covered_display": "100", "missing_lines": 0, "excluded_lines": 0, "percent_statements_covered": 100.0, "percent_statements_covered_display": "100"}, "missing_lines": [], "excluded_lines": [], "start_line": 133}, "_print_summary": {"executed_lines": [162, 163, 164, 165, 166, 167, 168, 169, 170], "summary": {"covered_lines": 9, "num_statements": 9, "percent_covered": 100.0, "percent_covered_display": "100", "missing_lines": 0, "excluded_lines": 0, "percent_statements_covered": 100.0, "percent_statements_covered_display": "100"}, "missing_lines": [], "excluded_lines": [], "start_line": 153}, "uninstall": {"executed_lines": [184, 185, 187, 188, 189, 192, 204, 205, 206, 207, 208, 209, 211, 212, 213, 214, 216, 219, 220, 223, 226, 229, 230, 231, 232, 233, 236, 238, 239], "summary": {"covered_lines": 29, "num_statements": 37, "percent_covered": 78.37837837837837, "percent_covered_display": "78", "missing_lines": 8, "excluded_lines": 0, "percent_statements_covered": 78.37837837837837, "percent_statements_covered_display": "78"}, "missing_lines": [193, 194, 196, 197, 198, 199, 200, 201], "excluded_lines": [], "start_line": 173}, "": {"executed_lines": [9, 11, 14, 37, 67, 101, 133, 153, 173], "summary": {"covered_lines": 9, "num_statements": 9, "percent_covered": 100.0, "percent_covered_display": "100", "missing_lines": 0, "excluded_lines": 0, "percent_statements_covered": 100.0, "percent_statements_covered_display": "100"}, "missing_lines": [], "excluded_lines": [], "start_line": 1}}, "classes": {"": {"executed_lines": [9, 11, 14, 24, 25, 27, 28, 29, 30, 31, 32, 34, 37, 47, 48, 49, 50, 51, 53, 55, 56, 57, 58, 59, 60, 61, 62, 64, 67, 77, 78, 79, 80, 82, 83, 85, 86, 87, 88, 90, 91, 92, 93, 94, 95, 96, 98, 101, 111, 112, 114, 115, 116, 118, 119, 120, 121, 122, 123, 124, 126, 127, 128, 130, 133, 143, 144, 145, 146, 147, 148, 150, 153, 162, 163, 164, 165, 166, 167, 168, 169, 170, 173, 184, 185, 187, 188, 189, 192, 204, 205, 206, 207, 208, 209, 211, 212, 213, 214, 216, 219, 220, 223, 226, 229, 230, 231, 232, 233, 236, 238, 239], "summary": {"covered_lines": 112, "num_statements": 120, "percent_covered": 93.33333333333333, "percent_covered_display": "93", "missing_lines": 8, "excluded_lines": 0, "percent_statements_covered": 93.33333333333333, "percent_statements_covered_display": "93"}, "missing_lines": [193, 194, 196, 197, 198, 199, 200, 201], "excluded_lines": [], "start_line": 1}}}, "src/rhiza/commands/validate.py": {"executed_lines": [7, 8, 10, 11, 13, 16, 25, 26, 27, 28, 29, 32, 42, 45, 46, 48, 49, 50, 51, 52, 54, 57, 66, 68, 69, 70, 71, 72, 73, 74, 75, 76, 77, 78, 80, 81, 84, 93, 94, 95, 96, 97, 98, 99, 100, 102, 103, 104, 105, 107, 108, 111, 120, 121, 122, 125, 126, 127, 128, 129, 132, 133, 134, 135, 136, 137, 138, 141, 142, 143, 144, 146, 148, 151, 160, 161, 162, 164, 165, 166, 167, 168, 169, 170, 171, 172, 174, 175, 176, 177, 179, 180, 183, 192, 196, 199, 200, 202, 203, 204, 205, 208, 209, 211, 212, 213, 214, 216, 218, 221, 230, 233, 234, 235, 236, 237, 239, 241, 242, 243, 244, 245, 246, 247, 248, 249, 251, 252, 255, 264, 265, 266, 268, 269, 270, 271, 272, 273, 274, 275, 276, 278, 279, 280, 281, 283, 284, 287, 293, 294, 295, 296, 297, 299, 300, 301, 302, 303, 305, 308, 314, 315, 317, 318, 319, 320, 321, 322, 323, 325, 328, 334, 335, 337, 338, 339, 340, 342, 343, 344, 345, 346, 348, 351, 357, 358, 360, 361, 362, 363, 365, 366, 367, 368, 370, 373, 379, 380, 381, 382, 383, 386, 403, 404, 407, 408, 411, 412, 413, 416, 417, 418, 421, 422, 425, 426, 429, 430, 433, 436, 437, 440, 441, 444, 445, 448, 451, 452, 453, 454, 456, 457, 458], "summary": {"covered_lines": 233, "num_statements": 233, "percent_covered": 100.0, "percent_covered_display": "100", "missing_lines": 0, "excluded_lines": 0, "percent_statements_covered": 100.0, "percent_statements_covered_display": "100"}, "missing_lines": [], "excluded_lines": [], "functions": {"_check_git_repository": {"executed_lines": [25, 26, 27, 28, 29], "summary": {"covered_lines": 5, "num_statements": 5, "percent_covered": 100.0, "percent_covered_display": "100", "missing_lines": 0, "excluded_lines": 0, "percent_statements_covered": 100.0, "percent_statements_covered_display": "100"}, "missing_lines": [], "excluded_lines": [], "start_line": 16}, "_check_project_structure": {"executed_lines": [42, 45, 46, 48, 49, 50, 51, 52, 54], "summary": {"covered_lines": 9, "num_statements": 9, "percent_covered": 100.0, "percent_covered_display": "100", "missing_lines": 0, "excluded_lines": 0, "percent_statements_covered": 100.0, "percent_statements_covered_display": "100"}, "missing_lines": [], "excluded_lines": [], "start_line": 32}, "_check_template_file_exists": {"executed_lines": [66, 68, 69, 70, 71, 72, 73, 74, 75, 76, 77, 78, 80, 81], "summary": {"covered_lines": 14, "num_statements": 14, "percent_covered": 100.0, "percent_covered_display": "100", "missing_lines": 0, "excluded_lines": 0, "percent_statements_covered": 100.0, "percent_statements_covered_display": "100"}, "missing_lines": [], "excluded_lines": [], "start_line": 57}, "_parse_yaml_file": {"executed_lines": [93, 94, 95, 96, 97, 98, 99, 100, 102, 103, 104, 105, 107, 108], "summary": {"covered_lines": 14, "num_statements": 14, "percent_covered": 100.0, "percent_covered_display": "100", "missing_lines": 0, "excluded_lines": 0, "percent_statements_covered": 100.0, "percent_statements_covered_display": "100"}, "missing_lines": [], "excluded_lines": [], "start_line": 84}, "_validate_configuration_mode": {"executed_lines": [120, 121, 122, 125, 126, 127, 128, 129, 132, 133, 134, 135, 136, 137, 138, 141, 142, 143, 144, 146, 148], "summary": {"covered_lines": 21, "num_statements": 21, "percent_covered": 100.0, "percent_covered_display": "100", "missing_lines": 0, "excluded_lines": 0, "percent_statements_covered": 100.0, "percent_statements_covered_display": "100"}, "missing_lines": [], "excluded_lines": [], "start_line": 111}, "_validate_templates": {"executed_lines": [160, 161, 162, 164, 165, 166, 167, 168, 169, 170, 171, 172, 174, 175, 176, 177, 179, 180], "summary": {"covered_lines": 18, "num_statements": 18, "percent_covered": 100.0, "percent_covered_display": "100", "missing_lines": 0, "excluded_lines": 0, "percent_statements_covered": 100.0, "percent_statements_covered_display": "100"}, "missing_lines": [], "excluded_lines": [], "start_line": 151}, "_validate_required_fields": {"executed_lines": [192, 196, 199, 200, 202, 203, 204, 205, 208, 209, 211, 212, 213, 214, 216, 218], "summary": {"covered_lines": 16, "num_statements": 16, "percent_covered": 100.0, "percent_covered_display": "100", "missing_lines": 0, "excluded_lines": 0, "percent_statements_covered": 100.0, "percent_statements_covered_display": "100"}, "missing_lines": [], "excluded_lines": [], "start_line": 183}, "_validate_repository_format": {"executed_lines": [230, 233, 234, 235, 236, 237, 239, 241, 242, 243, 244, 245, 246, 247, 248, 249, 251, 252], "summary": {"covered_lines": 18, "num_statements": 18, "percent_covered": 100.0, "percent_covered_display": "100", "missing_lines": 0, "excluded_lines": 0, "percent_statements_covered": 100.0, "percent_statements_covered_display": "100"}, "missing_lines": [], "excluded_lines": [], "start_line": 221}, "_validate_include_paths": {"executed_lines": [264, 265, 266, 268, 269, 270, 271, 272, 273, 274, 275, 276, 278, 279, 280, 281, 283, 284], "summary": {"covered_lines": 18, "num_statements": 18, "percent_covered": 100.0, "percent_covered_display": "100", "missing_lines": 0, "excluded_lines": 0, "percent_statements_covered": 100.0, "percent_statements_covered_display": "100"}, "missing_lines": [], "excluded_lines": [], "start_line": 255}, "_validate_branch_field": {"executed_lines": [293, 294, 295, 296, 297, 299, 300, 301, 302, 303, 305], "summary": {"covered_lines": 11, "num_statements": 11, "percent_covered": 100.0, "percent_covered_display": "100", "missing_lines": 0, "excluded_lines": 0, "percent_statements_covered": 100.0, "percent_statements_covered_display": "100"}, "missing_lines": [], "excluded_lines": [], "start_line": 287}, "_validate_host_field": {"executed_lines": [314, 315, 317, 318, 319, 320, 321, 322, 323, 325], "summary": {"covered_lines": 10, "num_statements": 10, "percent_covered": 100.0, "percent_covered_display": "100", "missing_lines": 0, "excluded_lines": 0, "percent_statements_covered": 100.0, "percent_statements_covered_display": "100"}, "missing_lines": [], "excluded_lines": [], "start_line": 308}, "_validate_language_field": {"executed_lines": [334, 335, 337, 338, 339, 340, 342, 343, 344, 345, 346, 348], "summary": {"covered_lines": 12, "num_statements": 12, "percent_covered": 100.0, "percent_covered_display": "100", "missing_lines": 0, "excluded_lines": 0, "percent_statements_covered": 100.0, "percent_statements_covered_display": "100"}, "missing_lines": [], "excluded_lines": [], "start_line": 328}, "_validate_exclude_field": {"executed_lines": [357, 358, 360, 361, 362, 363, 365, 366, 367, 368, 370], "summary": {"covered_lines": 11, "num_statements": 11, "percent_covered": 100.0, "percent_covered_display": "100", "missing_lines": 0, "excluded_lines": 0, "percent_statements_covered": 100.0, "percent_statements_covered_display": "100"}, "missing_lines": [], "excluded_lines": [], "start_line": 351}, "_validate_optional_fields": {"executed_lines": [379, 380, 381, 382, 383], "summary": {"covered_lines": 5, "num_statements": 5, "percent_covered": 100.0, "percent_covered_display": "100", "missing_lines": 0, "excluded_lines": 0, "percent_statements_covered": 100.0, "percent_statements_covered_display": "100"}, "missing_lines": [], "excluded_lines": [], "start_line": 373}, "validate": {"executed_lines": [403, 404, 407, 408, 411, 412, 413, 416, 417, 418, 421, 422, 425, 426, 429, 430, 433, 436, 437, 440, 441, 444, 445, 448, 451, 452, 453, 454, 456, 457, 458], "summary": {"covered_lines": 31, "num_statements": 31, "percent_covered": 100.0, "percent_covered_display": "100", "missing_lines": 0, "excluded_lines": 0, "percent_statements_covered": 100.0, "percent_statements_covered_display": "100"}, "missing_lines": [], "excluded_lines": [], "start_line": 386}, "": {"executed_lines": [7, 8, 10, 11, 13, 16, 32, 57, 84, 111, 151, 183, 221, 255, 287, 308, 328, 351, 373, 386], "summary": {"covered_lines": 20, "num_statements": 20, "percent_covered": 100.0, "percent_covered_display": "100", "missing_lines": 0, "excluded_lines": 0, "percent_statements_covered": 100.0, "percent_statements_covered_display": "100"}, "missing_lines": [], "excluded_lines": [], "start_line": 1}}, "classes": {"": {"executed_lines": [7, 8, 10, 11, 13, 16, 25, 26, 27, 28, 29, 32, 42, 45, 46, 48, 49, 50, 51, 52, 54, 57, 66, 68, 69, 70, 71, 72, 73, 74, 75, 76, 77, 78, 80, 81, 84, 93, 94, 95, 96, 97, 98, 99, 100, 102, 103, 104, 105, 107, 108, 111, 120, 121, 122, 125, 126, 127, 128, 129, 132, 133, 134, 135, 136, 137, 138, 141, 142, 143, 144, 146, 148, 151, 160, 161, 162, 164, 165, 166, 167, 168, 169, 170, 171, 172, 174, 175, 176, 177, 179, 180, 183, 192, 196, 199, 200, 202, 203, 204, 205, 208, 209, 211, 212, 213, 214, 216, 218, 221, 230, 233, 234, 235, 236, 237, 239, 241, 242, 243, 244, 245, 246, 247, 248, 249, 251, 252, 255, 264, 265, 266, 268, 269, 270, 271, 272, 273, 274, 275, 276, 278, 279, 280, 281, 283, 284, 287, 293, 294, 295, 296, 297, 299, 300, 301, 302, 303, 305, 308, 314, 315, 317, 318, 319, 320, 321, 322, 323, 325, 328, 334, 335, 337, 338, 339, 340, 342, 343, 344, 345, 346, 348, 351, 357, 358, 360, 361, 362, 363, 365, 366, 367, 368, 370, 373, 379, 380, 381, 382, 383, 386, 403, 404, 407, 408, 411, 412, 413, 416, 417, 418, 421, 422, 425, 426, 429, 430, 433, 436, 437, 440, 441, 444, 445, 448, 451, 452, 453, 454, 456, 457, 458], "summary": {"covered_lines": 233, "num_statements": 233, "percent_covered": 100.0, "percent_covered_display": "100", "missing_lines": 0, "excluded_lines": 0, "percent_statements_covered": 100.0, "percent_statements_covered_display": "100"}, "missing_lines": [], "excluded_lines": [], "start_line": 1}}}, "src/rhiza/commands/welcome.py": {"executed_lines": [10, 13, 25, 62], "summary": {"covered_lines": 4, "num_statements": 4, "percent_covered": 100.0, "percent_covered_display": "100", "missing_lines": 0, "excluded_lines": 0, "percent_statements_covered": 100.0, "percent_statements_covered_display": "100"}, "missing_lines": [], "excluded_lines": [], "functions": {"welcome": {"executed_lines": [25, 62], "summary": {"covered_lines": 2, "num_statements": 2, "percent_covered": 100.0, "percent_covered_display": "100", "missing_lines": 0, "excluded_lines": 0, "percent_statements_covered": 100.0, "percent_statements_covered_display": "100"}, "missing_lines": [], "excluded_lines": [], "start_line": 13}, "": {"executed_lines": [10, 13], "summary": {"covered_lines": 2, "num_statements": 2, "percent_covered": 100.0, "percent_covered_display": "100", "missing_lines": 0, "excluded_lines": 0, "percent_statements_covered": 100.0, "percent_statements_covered_display": "100"}, "missing_lines": [], "excluded_lines": [], "start_line": 1}}, "classes": {"": {"executed_lines": [10, 13, 25, 62], "summary": {"covered_lines": 4, "num_statements": 4, "percent_covered": 100.0, "percent_covered_display": "100", "missing_lines": 0, "excluded_lines": 0, "percent_statements_covered": 100.0, "percent_statements_covered_display": "100"}, "missing_lines": [], "excluded_lines": [], "start_line": 1}}}, "src/rhiza/language_validators.py": {"executed_lines": [8, 9, 11, 14, 17, 18, 29, 30, 39, 42, 44, 46, 60, 63, 64, 65, 66, 67, 68, 70, 73, 74, 76, 77, 78, 80, 82, 83, 84, 86, 88, 91, 94, 96, 98, 112, 115, 116, 117, 118, 119, 120, 122, 125, 126, 127, 129, 130, 131, 133, 135, 136, 137, 139, 140, 141, 142, 144, 147, 150, 152, 153, 155, 157, 158, 160, 166, 167, 168, 170, 179, 181, 187, 191, 194, 200], "summary": {"covered_lines": 76, "num_statements": 76, "percent_covered": 100.0, "percent_covered_display": "100", "missing_lines": 0, "excluded_lines": 5, "percent_statements_covered": 100.0, "percent_statements_covered_display": "100"}, "missing_lines": [], "excluded_lines": [27, 28, 36, 37, 38], "functions": {"LanguageValidator.validate_project_structure": {"executed_lines": [], "summary": {"covered_lines": 0, "num_statements": 0, "percent_covered": 100.0, "percent_covered_display": "100", "missing_lines": 0, "excluded_lines": 1, "percent_statements_covered": 100.0, "percent_statements_covered_display": "100"}, "missing_lines": [], "excluded_lines": [27], "start_line": 18}, "LanguageValidator.get_language_name": {"executed_lines": [], "summary": {"covered_lines": 0, "num_statements": 0, "percent_covered": 100.0, "percent_covered_display": "100", "missing_lines": 0, "excluded_lines": 1, "percent_statements_covered": 100.0, "percent_statements_covered_display": "100"}, "missing_lines": [], "excluded_lines": [36], "start_line": 30}, "PythonValidator.get_language_name": {"executed_lines": [44], "summary": {"covered_lines": 1, "num_statements": 1, "percent_covered": 100.0, "percent_covered_display": "100", "missing_lines": 0, "excluded_lines": 0, "percent_statements_covered": 100.0, "percent_statements_covered_display": "100"}, "missing_lines": [], "excluded_lines": [], "start_line": 42}, "PythonValidator.validate_project_structure": {"executed_lines": [60, 63, 64, 65, 66, 67, 68, 70, 73, 74, 76, 77, 78, 80, 82, 83, 84, 86, 88], "summary": {"covered_lines": 19, "num_statements": 19, "percent_covered": 100.0, "percent_covered_display": "100", "missing_lines": 0, "excluded_lines": 0, "percent_statements_covered": 100.0, "percent_statements_covered_display": "100"}, "missing_lines": [], "excluded_lines": [], "start_line": 46}, "GoValidator.get_language_name": {"executed_lines": [96], "summary": {"covered_lines": 1, "num_statements": 1, "percent_covered": 100.0, "percent_covered_display": "100", "missing_lines": 0, "excluded_lines": 0, "percent_statements_covered": 100.0, "percent_statements_covered_display": "100"}, "missing_lines": [], "excluded_lines": [], "start_line": 94}, "GoValidator.validate_project_structure": {"executed_lines": [112, 115, 116, 117, 118, 119, 120, 122, 125, 126, 127, 129, 130, 131, 133, 135, 136, 137, 139, 140, 141, 142, 144], "summary": {"covered_lines": 23, "num_statements": 23, "percent_covered": 100.0, "percent_covered_display": "100", "missing_lines": 0, "excluded_lines": 0, "percent_statements_covered": 100.0, "percent_statements_covered_display": "100"}, "missing_lines": [], "excluded_lines": [], "start_line": 98}, "LanguageValidatorRegistry.__init__": {"executed_lines": [152, 153], "summary": {"covered_lines": 2, "num_statements": 2, "percent_covered": 100.0, "percent_covered_display": "100", "missing_lines": 0, "excluded_lines": 0, "percent_statements_covered": 100.0, "percent_statements_covered_display": "100"}, "missing_lines": [], "excluded_lines": [], "start_line": 150}, "LanguageValidatorRegistry._register_defaults": {"executed_lines": [157, 158], "summary": {"covered_lines": 2, "num_statements": 2, "percent_covered": 100.0, "percent_covered_display": "100", "missing_lines": 0, "excluded_lines": 0, "percent_statements_covered": 100.0, "percent_statements_covered_display": "100"}, "missing_lines": [], "excluded_lines": [], "start_line": 155}, "LanguageValidatorRegistry.register": {"executed_lines": [166, 167, 168], "summary": {"covered_lines": 3, "num_statements": 3, "percent_covered": 100.0, "percent_covered_display": "100", "missing_lines": 0, "excluded_lines": 0, "percent_statements_covered": 100.0, "percent_statements_covered_display": "100"}, "missing_lines": [], "excluded_lines": [], "start_line": 160}, "LanguageValidatorRegistry.get_validator": {"executed_lines": [179], "summary": {"covered_lines": 1, "num_statements": 1, "percent_covered": 100.0, "percent_covered_display": "100", "missing_lines": 0, "excluded_lines": 0, "percent_statements_covered": 100.0, "percent_statements_covered_display": "100"}, "missing_lines": [], "excluded_lines": [], "start_line": 170}, "LanguageValidatorRegistry.get_supported_languages": {"executed_lines": [187], "summary": {"covered_lines": 1, "num_statements": 1, "percent_covered": 100.0, "percent_covered_display": "100", "missing_lines": 0, "excluded_lines": 0, "percent_statements_covered": 100.0, "percent_statements_covered_display": "100"}, "missing_lines": [], "excluded_lines": [], "start_line": 181}, "get_validator_registry": {"executed_lines": [200], "summary": {"covered_lines": 1, "num_statements": 1, "percent_covered": 100.0, "percent_covered_display": "100", "missing_lines": 0, "excluded_lines": 0, "percent_statements_covered": 100.0, "percent_statements_covered_display": "100"}, "missing_lines": [], "excluded_lines": [], "start_line": 194}, "": {"executed_lines": [8, 9, 11, 14, 17, 18, 29, 30, 39, 42, 46, 91, 94, 98, 147, 150, 155, 160, 170, 181, 191, 194], "summary": {"covered_lines": 22, "num_statements": 22, "percent_covered": 100.0, "percent_covered_display": "100", "missing_lines": 0, "excluded_lines": 3, "percent_statements_covered": 100.0, "percent_statements_covered_display": "100"}, "missing_lines": [], "excluded_lines": [28, 37, 38], "start_line": 1}}, "classes": {"LanguageValidator": {"executed_lines": [], "summary": {"covered_lines": 0, "num_statements": 0, "percent_covered": 100.0, "percent_covered_display": "100", "missing_lines": 0, "excluded_lines": 2, "percent_statements_covered": 100.0, "percent_statements_covered_display": "100"}, "missing_lines": [], "excluded_lines": [27, 36], "start_line": 14}, "PythonValidator": {"executed_lines": [44, 60, 63, 64, 65, 66, 67, 68, 70, 73, 74, 76, 77, 78, 80, 82, 83, 84, 86, 88], "summary": {"covered_lines": 20, "num_statements": 20, "percent_covered": 100.0, "percent_covered_display": "100", "missing_lines": 0, "excluded_lines": 0, "percent_statements_covered": 100.0, "percent_statements_covered_display": "100"}, "missing_lines": [], "excluded_lines": [], "start_line": 39}, "GoValidator": {"executed_lines": [96, 112, 115, 116, 117, 118, 119, 120, 122, 125, 126, 127, 129, 130, 131, 133, 135, 136, 137, 139, 140, 141, 142, 144], "summary": {"covered_lines": 24, "num_statements": 24, "percent_covered": 100.0, "percent_covered_display": "100", "missing_lines": 0, "excluded_lines": 0, "percent_statements_covered": 100.0, "percent_statements_covered_display": "100"}, "missing_lines": [], "excluded_lines": [], "start_line": 91}, "LanguageValidatorRegistry": {"executed_lines": [152, 153, 157, 158, 166, 167, 168, 179, 187], "summary": {"covered_lines": 9, "num_statements": 9, "percent_covered": 100.0, "percent_covered_display": "100", "missing_lines": 0, "excluded_lines": 0, "percent_statements_covered": 100.0, "percent_statements_covered_display": "100"}, "missing_lines": [], "excluded_lines": [], "start_line": 147}, "": {"executed_lines": [8, 9, 11, 14, 17, 18, 29, 30, 39, 42, 46, 91, 94, 98, 147, 150, 155, 160, 170, 181, 191, 194, 200], "summary": {"covered_lines": 23, "num_statements": 23, "percent_covered": 100.0, "percent_covered_display": "100", "missing_lines": 0, "excluded_lines": 3, "percent_statements_covered": 100.0, "percent_statements_covered_display": "100"}, "missing_lines": [], "excluded_lines": [28, 37, 38], "start_line": 1}}}, "src/rhiza/models.py": {"executed_lines": [8, 9, 10, 12, 14, 22, 49, 50, 51, 52, 53, 56, 57, 58, 61, 62, 73, 74, 75, 76, 77, 79, 81, 84, 85, 93, 94, 96, 97, 112, 113, 115, 116, 118, 120, 121, 122, 123, 125, 126, 127, 128, 129, 131, 132, 133, 135, 143, 145, 158, 159, 160, 162, 163, 164, 166, 167, 168, 169, 170, 172, 173, 175, 176, 177, 178, 180, 181, 182, 184, 185, 187, 189, 201, 202, 203, 205, 206, 207, 208, 209, 210, 212, 215, 216, 234, 235, 236, 237, 238, 239, 240, 242, 243, 257, 258, 260, 261, 265, 269, 271, 281, 288, 291, 294, 295, 298, 299, 302, 303, 306, 307, 310, 311, 314, 315, 318, 319, 321, 322, 325, 326, 342, 343, 344, 345, 346, 347, 348, 349, 350, 351, 353, 354, 370, 371, 373, 376, 377, 379, 380, 382, 395, 401, 403, 413, 414, 415, 416, 418, 419, 421, 423, 424, 425], "summary": {"covered_lines": 155, "num_statements": 155, "percent_covered": 100.0, "percent_covered_display": "100", "missing_lines": 0, "excluded_lines": 0, "percent_statements_covered": 100.0, "percent_statements_covered_display": "100"}, "missing_lines": [], "excluded_lines": [], "functions": {"_normalize_to_list": {"executed_lines": [49, 50, 51, 52, 53, 56, 57, 58], "summary": {"covered_lines": 8, "num_statements": 8, "percent_covered": 100.0, "percent_covered_display": "100", "missing_lines": 0, "excluded_lines": 0, "percent_statements_covered": 100.0, "percent_statements_covered_display": "100"}, "missing_lines": [], "excluded_lines": [], "start_line": 22}, "BundleDefinition.all_paths": {"executed_lines": [81], "summary": {"covered_lines": 1, "num_statements": 1, "percent_covered": 100.0, "percent_covered_display": "100", "missing_lines": 0, "excluded_lines": 0, "percent_statements_covered": 100.0, "percent_statements_covered_display": "100"}, "missing_lines": [], "excluded_lines": [], "start_line": 79}, "RhizaBundles.from_yaml": {"executed_lines": [112, 113, 115, 116, 118, 120, 121, 122, 123, 125, 126, 127, 128, 129, 131, 132, 133, 135, 143], "summary": {"covered_lines": 19, "num_statements": 19, "percent_covered": 100.0, "percent_covered_display": "100", "missing_lines": 0, "excluded_lines": 0, "percent_statements_covered": 100.0, "percent_statements_covered_display": "100"}, "missing_lines": [], "excluded_lines": [], "start_line": 97}, "RhizaBundles.resolve_dependencies": {"executed_lines": [158, 159, 160, 162, 163, 164, 166, 184, 185, 187], "summary": {"covered_lines": 10, "num_statements": 10, "percent_covered": 100.0, "percent_covered_display": "100", "missing_lines": 0, "excluded_lines": 0, "percent_statements_covered": 100.0, "percent_statements_covered_display": "100"}, "missing_lines": [], "excluded_lines": [], "start_line": 145}, "RhizaBundles.resolve_dependencies.visit": {"executed_lines": [167, 168, 169, 170, 172, 173, 175, 176, 177, 178, 180, 181, 182], "summary": {"covered_lines": 13, "num_statements": 13, "percent_covered": 100.0, "percent_covered_display": "100", "missing_lines": 0, "excluded_lines": 0, "percent_statements_covered": 100.0, "percent_statements_covered_display": "100"}, "missing_lines": [], "excluded_lines": [], "start_line": 166}, "RhizaBundles.resolve_to_paths": {"executed_lines": [201, 202, 203, 205, 206, 207, 208, 209, 210, 212], "summary": {"covered_lines": 10, "num_statements": 10, "percent_covered": 100.0, "percent_covered_display": "100", "missing_lines": 0, "excluded_lines": 0, "percent_statements_covered": 100.0, "percent_statements_covered_display": "100"}, "missing_lines": [], "excluded_lines": [], "start_line": 189}, "RhizaTemplate.from_yaml": {"executed_lines": [257, 258, 260, 261, 265, 269, 271], "summary": {"covered_lines": 7, "num_statements": 7, "percent_covered": 100.0, "percent_covered_display": "100", "missing_lines": 0, "excluded_lines": 0, "percent_statements_covered": 100.0, "percent_statements_covered_display": "100"}, "missing_lines": [], "excluded_lines": [], "start_line": 243}, "RhizaTemplate.to_yaml": {"executed_lines": [288, 291, 294, 295, 298, 299, 302, 303, 306, 307, 310, 311, 314, 315, 318, 319, 321, 322], "summary": {"covered_lines": 18, "num_statements": 18, "percent_covered": 100.0, "percent_covered_display": "100", "missing_lines": 0, "excluded_lines": 0, "percent_statements_covered": 100.0, "percent_statements_covered_display": "100"}, "missing_lines": [], "excluded_lines": [], "start_line": 281}, "TemplateLock.from_yaml": {"executed_lines": [370, 371, 373, 376, 377, 379, 380, 382], "summary": {"covered_lines": 8, "num_statements": 8, "percent_covered": 100.0, "percent_covered_display": "100", "missing_lines": 0, "excluded_lines": 0, "percent_statements_covered": 100.0, "percent_statements_covered_display": "100"}, "missing_lines": [], "excluded_lines": [], "start_line": 354}, "TemplateLock.to_yaml": {"executed_lines": [401, 403, 413, 414, 415, 416, 418, 419, 423, 424, 425], "summary": {"covered_lines": 11, "num_statements": 11, "percent_covered": 100.0, "percent_covered_display": "100", "missing_lines": 0, "excluded_lines": 0, "percent_statements_covered": 100.0, "percent_statements_covered_display": "100"}, "missing_lines": [], "excluded_lines": [], "start_line": 395}, "TemplateLock.to_yaml._IndentedDumper.increase_indent": {"executed_lines": [421], "summary": {"covered_lines": 1, "num_statements": 1, "percent_covered": 100.0, "percent_covered_display": "100", "missing_lines": 0, "excluded_lines": 0, "percent_statements_covered": 100.0, "percent_statements_covered_display": "100"}, "missing_lines": [], "excluded_lines": [], "start_line": 419}, "": {"executed_lines": [8, 9, 10, 12, 14, 22, 61, 62, 73, 74, 75, 76, 77, 79, 84, 85, 93, 94, 96, 97, 145, 189, 215, 216, 234, 235, 236, 237, 238, 239, 240, 242, 243, 281, 325, 326, 342, 343, 344, 345, 346, 347, 348, 349, 350, 351, 353, 354, 395], "summary": {"covered_lines": 49, "num_statements": 49, "percent_covered": 100.0, "percent_covered_display": "100", "missing_lines": 0, "excluded_lines": 0, "percent_statements_covered": 100.0, "percent_statements_covered_display": "100"}, "missing_lines": [], "excluded_lines": [], "start_line": 1}}, "classes": {"BundleDefinition": {"executed_lines": [81], "summary": {"covered_lines": 1, "num_statements": 1, "percent_covered": 100.0, "percent_covered_display": "100", "missing_lines": 0, "excluded_lines": 0, "percent_statements_covered": 100.0, "percent_statements_covered_display": "100"}, "missing_lines": [], "excluded_lines": [], "start_line": 62}, "RhizaBundles": {"executed_lines": [112, 113, 115, 116, 118, 120, 121, 122, 123, 125, 126, 127, 128, 129, 131, 132, 133, 135, 143, 158, 159, 160, 162, 163, 164, 166, 167, 168, 169, 170, 172, 173, 175, 176, 177, 178, 180, 181, 182, 184, 185, 187, 201, 202, 203, 205, 206, 207, 208, 209, 210, 212], "summary": {"covered_lines": 52, "num_statements": 52, "percent_covered": 100.0, "percent_covered_display": "100", "missing_lines": 0, "excluded_lines": 0, "percent_statements_covered": 100.0, "percent_statements_covered_display": "100"}, "missing_lines": [], "excluded_lines": [], "start_line": 85}, "RhizaTemplate": {"executed_lines": [257, 258, 260, 261, 265, 269, 271, 288, 291, 294, 295, 298, 299, 302, 303, 306, 307, 310, 311, 314, 315, 318, 319, 321, 322], "summary": {"covered_lines": 25, "num_statements": 25, "percent_covered": 100.0, "percent_covered_display": "100", "missing_lines": 0, "excluded_lines": 0, "percent_statements_covered": 100.0, "percent_statements_covered_display": "100"}, "missing_lines": [], "excluded_lines": [], "start_line": 216}, "TemplateLock": {"executed_lines": [370, 371, 373, 376, 377, 379, 380, 382, 401, 403, 413, 414, 415, 416, 418, 419, 423, 424, 425], "summary": {"covered_lines": 19, "num_statements": 19, "percent_covered": 100.0, "percent_covered_display": "100", "missing_lines": 0, "excluded_lines": 0, "percent_statements_covered": 100.0, "percent_statements_covered_display": "100"}, "missing_lines": [], "excluded_lines": [], "start_line": 326}, "TemplateLock.to_yaml._IndentedDumper": {"executed_lines": [421], "summary": {"covered_lines": 1, "num_statements": 1, "percent_covered": 100.0, "percent_covered_display": "100", "missing_lines": 0, "excluded_lines": 0, "percent_statements_covered": 100.0, "percent_statements_covered_display": "100"}, "missing_lines": [], "excluded_lines": [], "start_line": 418}, "": {"executed_lines": [8, 9, 10, 12, 14, 22, 49, 50, 51, 52, 53, 56, 57, 58, 61, 62, 73, 74, 75, 76, 77, 79, 84, 85, 93, 94, 96, 97, 145, 189, 215, 216, 234, 235, 236, 237, 238, 239, 240, 242, 243, 281, 325, 326, 342, 343, 344, 345, 346, 347, 348, 349, 350, 351, 353, 354, 395], "summary": {"covered_lines": 57, "num_statements": 57, "percent_covered": 100.0, "percent_covered_display": "100", "missing_lines": 0, "excluded_lines": 0, "percent_statements_covered": 100.0, "percent_statements_covered_display": "100"}, "missing_lines": [], "excluded_lines": [], "start_line": 1}}}, "src/rhiza/subprocess_utils.py": {"executed_lines": [7, 10, 22, 23, 26], "summary": {"covered_lines": 5, "num_statements": 7, "percent_covered": 71.42857142857143, "percent_covered_display": "71", "missing_lines": 2, "excluded_lines": 0, "percent_statements_covered": 71.42857142857143, "percent_statements_covered_display": "71"}, "missing_lines": [24, 25], "excluded_lines": [], "functions": {"get_git_executable": {"executed_lines": [22, 23, 26], "summary": {"covered_lines": 3, "num_statements": 5, "percent_covered": 60.0, "percent_covered_display": "60", "missing_lines": 2, "excluded_lines": 0, "percent_statements_covered": 60.0, "percent_statements_covered_display": "60"}, "missing_lines": [24, 25], "excluded_lines": [], "start_line": 10}, "": {"executed_lines": [7, 10], "summary": {"covered_lines": 2, "num_statements": 2, "percent_covered": 100.0, "percent_covered_display": "100", "missing_lines": 0, "excluded_lines": 0, "percent_statements_covered": 100.0, "percent_statements_covered_display": "100"}, "missing_lines": [], "excluded_lines": [], "start_line": 1}}, "classes": {"": {"executed_lines": [7, 10, 22, 23, 26], "summary": {"covered_lines": 5, "num_statements": 7, "percent_covered": 71.42857142857143, "percent_covered_display": "71", "missing_lines": 2, "excluded_lines": 0, "percent_statements_covered": 71.42857142857143, "percent_statements_covered_display": "71"}, "missing_lines": [24, 25], "excluded_lines": [], "start_line": 1}}}}, "totals": {"covered_lines": 1432, "num_statements": 1473, "percent_covered": 97.21656483367278, "percent_covered_display": "97", "missing_lines": 41, "excluded_lines": 5, "percent_statements_covered": 97.21656483367278, "percent_statements_covered_display": "97"}}